[16-Jul-2025 13:06:31 UTC] PHP Fatal error:  Uncaught ErrorException: Cannot modify header information - headers already sent by (output started at /private/var/www/html/projects/avako/FleetCart/vendor/symfony/http-foundation/Response.php:387) in /private/var/www/html/projects/avako/FleetCart/vendor/symfony/http-foundation/Response.php:322
Stack trace:
#0 /private/var/www/html/projects/avako/FleetCart/vendor/laravel/framework/src/Illuminate/Foundation/Bootstrap/HandleExceptions.php(256): Illuminate\Foundation\Bootstrap\HandleExceptions->handleError(2, 'Cannot modify h...', '/private/var/ww...', 322)
#1 [internal function]: Illuminate\Foundation\Bootstrap\HandleExceptions->Illuminate\Foundation\Bootstrap\{closure}(2, 'Cannot modify h...', '/private/var/ww...', 322)
#2 /private/var/www/html/projects/avako/FleetCart/vendor/symfony/http-foundation/Response.php(322): header('HTTP/1.1 500 In...', true, 500)
#3 /private/var/www/html/projects/avako/FleetCart/vendor/symfony/http-foundation/Response.php(401): Symfony\Component\HttpFoundation\Response->sendHeaders()
#4 /private/var/www/html/projects/avako/FleetCart/vendor/laravel/framework/src/Illuminate/Foundation/Bootstrap/HandleExceptions.php(219): Symfony\Component\HttpFoundation\Response->send()
#5 /private/var/www/html/projects/avako/FleetCart/vendor/laravel/framework/src/Illuminate/Foundation/Bootstrap/HandleExceptions.php(196): Illuminate\Foundation\Bootstrap\HandleExceptions->renderHttpResponse(Object(Illuminate\Contracts\Container\BindingResolutionException))
#6 /private/var/www/html/projects/avako/FleetCart/vendor/laravel/framework/src/Illuminate/Foundation/Bootstrap/HandleExceptions.php(256): Illuminate\Foundation\Bootstrap\HandleExceptions->handleException(Object(Illuminate\Contracts\Container\BindingResolutionException))
#7 [internal function]: Illuminate\Foundation\Bootstrap\HandleExceptions->Illuminate\Foundation\Bootstrap\{closure}(Object(Illuminate\Contracts\Container\BindingResolutionException))
#8 {main}
  thrown in /private/var/www/html/projects/avako/FleetCart/vendor/symfony/http-foundation/Response.php on line 322
[16-Jul-2025 13:06:50 UTC] PHP Fatal error:  Uncaught ErrorException: Cannot modify header information - headers already sent by (output started at /private/var/www/html/projects/avako/FleetCart/vendor/symfony/http-foundation/Response.php:387) in /private/var/www/html/projects/avako/FleetCart/vendor/symfony/http-foundation/Response.php:322
Stack trace:
#0 /private/var/www/html/projects/avako/FleetCart/vendor/laravel/framework/src/Illuminate/Foundation/Bootstrap/HandleExceptions.php(256): Illuminate\Foundation\Bootstrap\HandleExceptions->handleError(2, 'Cannot modify h...', '/private/var/ww...', 322)
#1 [internal function]: Illuminate\Foundation\Bootstrap\HandleExceptions->Illuminate\Foundation\Bootstrap\{closure}(2, 'Cannot modify h...', '/private/var/ww...', 322)
#2 /private/var/www/html/projects/avako/FleetCart/vendor/symfony/http-foundation/Response.php(322): header('HTTP/1.1 500 In...', true, 500)
#3 /private/var/www/html/projects/avako/FleetCart/vendor/symfony/http-foundation/Response.php(401): Symfony\Component\HttpFoundation\Response->sendHeaders()
#4 /private/var/www/html/projects/avako/FleetCart/vendor/laravel/framework/src/Illuminate/Foundation/Bootstrap/HandleExceptions.php(219): Symfony\Component\HttpFoundation\Response->send()
#5 /private/var/www/html/projects/avako/FleetCart/vendor/laravel/framework/src/Illuminate/Foundation/Bootstrap/HandleExceptions.php(196): Illuminate\Foundation\Bootstrap\HandleExceptions->renderHttpResponse(Object(Illuminate\Contracts\Container\BindingResolutionException))
#6 /private/var/www/html/projects/avako/FleetCart/vendor/laravel/framework/src/Illuminate/Foundation/Bootstrap/HandleExceptions.php(256): Illuminate\Foundation\Bootstrap\HandleExceptions->handleException(Object(Illuminate\Contracts\Container\BindingResolutionException))
#7 [internal function]: Illuminate\Foundation\Bootstrap\HandleExceptions->Illuminate\Foundation\Bootstrap\{closure}(Object(Illuminate\Contracts\Container\BindingResolutionException))
#8 {main}
  thrown in /private/var/www/html/projects/avako/FleetCart/vendor/symfony/http-foundation/Response.php on line 322
[16-Jul-2025 13:06:53 UTC] PHP Fatal error:  Uncaught ErrorException: Cannot modify header information - headers already sent by (output started at /private/var/www/html/projects/avako/FleetCart/vendor/symfony/http-foundation/Response.php:387) in /private/var/www/html/projects/avako/FleetCart/vendor/symfony/http-foundation/Response.php:322
Stack trace:
#0 /private/var/www/html/projects/avako/FleetCart/vendor/laravel/framework/src/Illuminate/Foundation/Bootstrap/HandleExceptions.php(256): Illuminate\Foundation\Bootstrap\HandleExceptions->handleError(2, 'Cannot modify h...', '/private/var/ww...', 322)
#1 [internal function]: Illuminate\Foundation\Bootstrap\HandleExceptions->Illuminate\Foundation\Bootstrap\{closure}(2, 'Cannot modify h...', '/private/var/ww...', 322)
#2 /private/var/www/html/projects/avako/FleetCart/vendor/symfony/http-foundation/Response.php(322): header('HTTP/1.1 500 In...', true, 500)
#3 /private/var/www/html/projects/avako/FleetCart/vendor/symfony/http-foundation/Response.php(401): Symfony\Component\HttpFoundation\Response->sendHeaders()
#4 /private/var/www/html/projects/avako/FleetCart/vendor/laravel/framework/src/Illuminate/Foundation/Bootstrap/HandleExceptions.php(219): Symfony\Component\HttpFoundation\Response->send()
#5 /private/var/www/html/projects/avako/FleetCart/vendor/laravel/framework/src/Illuminate/Foundation/Bootstrap/HandleExceptions.php(196): Illuminate\Foundation\Bootstrap\HandleExceptions->renderHttpResponse(Object(Illuminate\Contracts\Container\BindingResolutionException))
#6 /private/var/www/html/projects/avako/FleetCart/vendor/laravel/framework/src/Illuminate/Foundation/Bootstrap/HandleExceptions.php(256): Illuminate\Foundation\Bootstrap\HandleExceptions->handleException(Object(Illuminate\Contracts\Container\BindingResolutionException))
#7 [internal function]: Illuminate\Foundation\Bootstrap\HandleExceptions->Illuminate\Foundation\Bootstrap\{closure}(Object(Illuminate\Contracts\Container\BindingResolutionException))
#8 {main}
  thrown in /private/var/www/html/projects/avako/FleetCart/vendor/symfony/http-foundation/Response.php on line 322
